  main_my_game.cpp
c:\users\levent\documents\github\levent_development\tiny2d\include\table_file_core.h(27): warning C4244: 'initializing': conversion from '__int64' to 'unsigned int', possible loss of data
c:\users\levent\documents\github\levent_development\tiny2d\include\table_file_core.h(30): warning C4244: 'argument': conversion from '__int64' to 'size_t', possible loss of data
c:\users\levent\documents\github\levent_development\tiny2d\include\table_file_core.h(60): warning C4244: '=': conversion from '__int64' to 'unsigned int', possible loss of data
c:\users\levent\documents\github\levent_development\tiny2d\include\table_file_core.h(92): warning C4244: 'initializing': conversion from '__int64' to 'unsigned int', possible loss of data
c:\users\levent\documents\github\levent_development\tiny2d\include\table_file_core.h(106): warning C4244: '=': conversion from '__int64' to 'unsigned int', possible loss of data
c:\users\levent\documents\github\levent_development\tiny2d\include\grid_core.h(21): warning C4244: '=': conversion from 'float' to 'int', possible loss of data
c:\users\levent\documents\github\levent_development\tiny2d\include\grid_core.h(22): warning C4244: '=': conversion from 'float' to 'int', possible loss of data
c:\users\levent\documents\github\levent_development\tiny2d\include\grid_core.h(27): warning C4244: '=': conversion from 'const float' to 'int', possible loss of data
c:\users\levent\documents\github\levent_development\tiny2d\include\grid_core.h(28): warning C4244: '=': conversion from 'const float' to 'int', possible loss of data
c:\users\levent\documents\github\levent_development\tiny2d\include\grid_core.h(29): warning C4244: '=': conversion from 'float' to 'int', possible loss of data
c:\users\levent\documents\github\levent_development\tiny2d\include\grid_core.h(30): warning C4244: '=': conversion from 'float' to 'int', possible loss of data
c:\users\levent\documents\github\levent_development\tiny2d\include\grid_core.h(63): warning C4018: '<': signed/unsigned mismatch
c:\users\levent\documents\github\levent_development\tiny2d\include\grid_core.h(72): warning C4018: '<': signed/unsigned mismatch
c:\users\levent\documents\github\levent_development\tiny2d\include\grid_core.h(74): warning C4018: '<': signed/unsigned mismatch
c:\users\levent\documents\github\levent_development\tiny2d\include\grid_camera_core.h(43): warning C4244: '=': conversion from 'float' to 'int', possible loss of data
c:\users\levent\documents\github\levent_development\tiny2d\include\grid_camera_core.h(44): warning C4244: '=': conversion from 'float' to 'int', possible loss of data
c:\users\levent\documents\github\levent_development\tiny2d\include\grid_camera_core.h(45): warning C4244: '=': conversion from 'float' to 'int', possible loss of data
c:\users\levent\documents\github\levent_development\tiny2d\include\grid_camera_core.h(46): warning C4244: '=': conversion from 'float' to 'int', possible loss of data
c:\users\levent\documents\github\levent_development\tiny2d\include\shape_core.h(22): warning C4244: 'initializing': conversion from 'double' to 'float', possible loss of data
c:\users\levent\documents\github\levent_development\tiny2d\include\shape_core.h(23): warning C4244: 'initializing': conversion from 'double' to 'float', possible loss of data
c:\users\levent\documents\github\levent_development\tiny2d\include\shape_core.h(24): warning C4244: 'initializing': conversion from 'double' to 'float', possible loss of data
c:\users\levent\documents\github\levent_development\tiny2d\include\shape_core.h(25): warning C4244: 'initializing': conversion from 'double' to 'float', possible loss of data
c:\users\levent\documents\github\levent_development\tiny2d\include\font_core.h(53): warning C4244: 'argument': conversion from 'float' to 'int', possible loss of data
c:\users\levent\documents\github\levent_development\tiny2d\include\collision_core.h(12): warning C4244: '=': conversion from 'double' to 'float', possible loss of data
c:\users\levent\documents\github\levent_development\tiny2d\include\collision_core.h(13): warning C4244: '=': conversion from 'double' to 'float', possible loss of data
c:\users\levent\documents\github\levent_development\tiny2d\include\sprite_core.h(112): warning C4018: '>=': signed/unsigned mismatch
c:\users\levent\documents\github\levent_development\tiny2d\include\engine_core.h(142): warning C4244: 'argument': conversion from 'float' to 'int', possible loss of data
c:\users\levent\documents\github\levent_development\tiny2d\my_game.h(109): warning C4305: '-=': truncation from 'double' to 'float'
c:\users\levent\documents\github\levent_development\tiny2d\my_game.h(113): warning C4305: '+=': truncation from 'double' to 'float'
c:\users\levent\documents\github\levent_development\tiny2d\my_game.h(117): warning C4305: '-=': truncation from 'double' to 'float'
c:\users\levent\documents\github\levent_development\tiny2d\my_game.h(121): warning C4305: '+=': truncation from 'double' to 'float'
c:\users\levent\documents\github\levent_development\tiny2d\my_game.h(126): warning C4305: '-=': truncation from 'double' to 'float'
c:\users\levent\documents\github\levent_development\tiny2d\my_game.h(130): warning C4305: '+=': truncation from 'double' to 'float'
c:\users\levent\documents\github\levent_development\tiny2d\my_game.h(134): warning C4305: '-=': truncation from 'double' to 'float'
c:\users\levent\documents\github\levent_development\tiny2d\my_game.h(138): warning C4305: '+=': truncation from 'double' to 'float'
c:\users\levent\documents\github\levent_development\tiny2d\my_game.h(152): warning C4244: '=': conversion from 'double' to 'float', possible loss of data
c:\users\levent\documents\github\levent_development\tiny2d\my_game.h(153): warning C4244: '=': conversion from 'double' to 'float', possible loss of data
c:\users\levent\documents\github\levent_development\tiny2d\main_my_game.cpp(14): warning C4244: 'initializing': conversion from 'double' to 'float', possible loss of data
  SDL_grader.vcxproj -> C:\Users\levent\Documents\GitHub\Levent_Development\tiny2D\Debug\SDL_grader.exe
