  main.cpp
c:\users\levent.albayrak\documents\github\levent_development\advanced_programming_examples\summer_2019\class_examples\pointers_2\main.cpp(13): warning C4477: 'printf' : format string '%u' requires an argument of type 'unsigned int', but variadic argument 1 has type 'int *'
c:\users\levent.albayrak\documents\github\levent_development\advanced_programming_examples\summer_2019\class_examples\pointers_2\main.cpp(13): warning C4313: 'printf': '%u' in format string conflicts with argument 1 of type 'int *'
c:\users\levent.albayrak\documents\github\levent_development\advanced_programming_examples\summer_2019\class_examples\pointers_2\main.cpp(13): warning C4477: 'printf' : format string '%u' requires an argument of type 'unsigned int', but variadic argument 2 has type 'int *'
c:\users\levent.albayrak\documents\github\levent_development\advanced_programming_examples\summer_2019\class_examples\pointers_2\main.cpp(13): warning C4313: 'printf': '%u' in format string conflicts with argument 2 of type 'int *'
c:\users\levent.albayrak\documents\github\levent_development\advanced_programming_examples\summer_2019\class_examples\pointers_2\main.cpp(13): warning C4477: 'printf' : format string '%u' requires an argument of type 'unsigned int', but variadic argument 3 has type 'int **'
c:\users\levent.albayrak\documents\github\levent_development\advanced_programming_examples\summer_2019\class_examples\pointers_2\main.cpp(13): warning C4313: 'printf': '%u' in format string conflicts with argument 3 of type 'int **'
c:\users\levent.albayrak\documents\github\levent_development\advanced_programming_examples\summer_2019\class_examples\pointers_2\main.cpp(17): warning C4477: 'printf' : format string '%u' requires an argument of type 'unsigned int', but variadic argument 1 has type 'int *'
c:\users\levent.albayrak\documents\github\levent_development\advanced_programming_examples\summer_2019\class_examples\pointers_2\main.cpp(17): warning C4313: 'printf': '%u' in format string conflicts with argument 1 of type 'int *'
c:\users\levent.albayrak\documents\github\levent_development\advanced_programming_examples\summer_2019\class_examples\pointers_2\main.cpp(17): warning C4477: 'printf' : format string '%u' requires an argument of type 'unsigned int', but variadic argument 2 has type 'int *'
c:\users\levent.albayrak\documents\github\levent_development\advanced_programming_examples\summer_2019\class_examples\pointers_2\main.cpp(17): warning C4313: 'printf': '%u' in format string conflicts with argument 2 of type 'int *'
c:\users\levent.albayrak\documents\github\levent_development\advanced_programming_examples\summer_2019\class_examples\pointers_2\main.cpp(17): warning C4477: 'printf' : format string '%u' requires an argument of type 'unsigned int', but variadic argument 3 has type 'int **'
c:\users\levent.albayrak\documents\github\levent_development\advanced_programming_examples\summer_2019\class_examples\pointers_2\main.cpp(17): warning C4313: 'printf': '%u' in format string conflicts with argument 3 of type 'int **'
c:\users\levent.albayrak\documents\github\levent_development\advanced_programming_examples\summer_2019\class_examples\pointers_2\main.cpp(20): warning C4477: 'printf' : format string '%u' requires an argument of type 'unsigned int', but variadic argument 1 has type 'int *'
c:\users\levent.albayrak\documents\github\levent_development\advanced_programming_examples\summer_2019\class_examples\pointers_2\main.cpp(20): warning C4313: 'printf': '%u' in format string conflicts with argument 1 of type 'int *'
c:\users\levent.albayrak\documents\github\levent_development\advanced_programming_examples\summer_2019\class_examples\pointers_2\main.cpp(20): warning C4477: 'printf' : format string '%u' requires an argument of type 'unsigned int', but variadic argument 2 has type 'int *'
c:\users\levent.albayrak\documents\github\levent_development\advanced_programming_examples\summer_2019\class_examples\pointers_2\main.cpp(20): warning C4313: 'printf': '%u' in format string conflicts with argument 2 of type 'int *'
c:\users\levent.albayrak\documents\github\levent_development\advanced_programming_examples\summer_2019\class_examples\pointers_2\main.cpp(20): warning C4477: 'printf' : format string '%u' requires an argument of type 'unsigned int', but variadic argument 3 has type 'int (*)[4]'
c:\users\levent.albayrak\documents\github\levent_development\advanced_programming_examples\summer_2019\class_examples\pointers_2\main.cpp(20): warning C4313: 'printf': '%u' in format string conflicts with argument 3 of type 'int (*)[4]'
c:\users\levent.albayrak\documents\github\levent_development\advanced_programming_examples\summer_2019\class_examples\pointers_2\main.cpp(23): warning C4477: 'printf' : format string '%u' requires an argument of type 'unsigned int', but variadic argument 1 has type 'int *'
c:\users\levent.albayrak\documents\github\levent_development\advanced_programming_examples\summer_2019\class_examples\pointers_2\main.cpp(23): warning C4313: 'printf': '%u' in format string conflicts with argument 1 of type 'int *'
c:\users\levent.albayrak\documents\github\levent_development\advanced_programming_examples\summer_2019\class_examples\pointers_2\main.cpp(23): warning C4477: 'printf' : format string '%u' requires an argument of type 'unsigned int', but variadic argument 2 has type 'int *'
c:\users\levent.albayrak\documents\github\levent_development\advanced_programming_examples\summer_2019\class_examples\pointers_2\main.cpp(23): warning C4313: 'printf': '%u' in format string conflicts with argument 2 of type 'int *'
c:\users\levent.albayrak\documents\github\levent_development\advanced_programming_examples\summer_2019\class_examples\pointers_2\main.cpp(23): warning C4477: 'printf' : format string '%u' requires an argument of type 'unsigned int', but variadic argument 3 has type 'int (*)[4]'
c:\users\levent.albayrak\documents\github\levent_development\advanced_programming_examples\summer_2019\class_examples\pointers_2\main.cpp(23): warning C4313: 'printf': '%u' in format string conflicts with argument 3 of type 'int (*)[4]'
c:\users\levent.albayrak\documents\github\levent_development\advanced_programming_examples\summer_2019\class_examples\pointers_2\main.cpp(26): warning C4477: 'printf' : format string '%u' requires an argument of type 'unsigned int', but variadic argument 1 has type 'int *'
c:\users\levent.albayrak\documents\github\levent_development\advanced_programming_examples\summer_2019\class_examples\pointers_2\main.cpp(26): warning C4313: 'printf': '%u' in format string conflicts with argument 1 of type 'int *'
c:\users\levent.albayrak\documents\github\levent_development\advanced_programming_examples\summer_2019\class_examples\pointers_2\main.cpp(26): warning C4477: 'printf' : format string '%u' requires an argument of type 'unsigned int', but variadic argument 2 has type 'int *'
c:\users\levent.albayrak\documents\github\levent_development\advanced_programming_examples\summer_2019\class_examples\pointers_2\main.cpp(26): warning C4313: 'printf': '%u' in format string conflicts with argument 2 of type 'int *'
c:\users\levent.albayrak\documents\github\levent_development\advanced_programming_examples\summer_2019\class_examples\pointers_2\main.cpp(26): warning C4477: 'printf' : format string '%u' requires an argument of type 'unsigned int', but variadic argument 3 has type 'int (*)[4]'
c:\users\levent.albayrak\documents\github\levent_development\advanced_programming_examples\summer_2019\class_examples\pointers_2\main.cpp(26): warning C4313: 'printf': '%u' in format string conflicts with argument 3 of type 'int (*)[4]'
  Generating code
  All 4 functions were compiled because no usable IPDB/IOBJ from previous compilation was found.
  Finished generating code
  pointers_2.vcxproj -> C:\Users\levent.albayrak\Documents\GitHub\Levent_Development\Advanced_Programming_Examples\SUMMER_2019\class_examples\x64\Release\pointers_2.exe
