  main.cpp
c:\users\levent.albayrak\documents\github\levent_development\advanced_programming_examples\summer_2019\class_examples\pointers_1\main.cpp(16): warning C4477: 'printf' : format string '%u' requires an argument of type 'unsigned int', but variadic argument 2 has type 'int *'
c:\users\levent.albayrak\documents\github\levent_development\advanced_programming_examples\summer_2019\class_examples\pointers_1\main.cpp(16): warning C4313: 'printf': '%u' in format string conflicts with argument 2 of type 'int *'
c:\users\levent.albayrak\documents\github\levent_development\advanced_programming_examples\summer_2019\class_examples\pointers_1\main.cpp(17): warning C4477: 'printf' : format string '%u' requires an argument of type 'unsigned int', but variadic argument 2 has type 'char *'
c:\users\levent.albayrak\documents\github\levent_development\advanced_programming_examples\summer_2019\class_examples\pointers_1\main.cpp(17): warning C4313: 'printf': '%u' in format string conflicts with argument 2 of type 'char *'
c:\users\levent.albayrak\documents\github\levent_development\advanced_programming_examples\summer_2019\class_examples\pointers_1\main.cpp(18): warning C4477: 'printf' : format string '%u' requires an argument of type 'unsigned int', but variadic argument 2 has type 'char *'
c:\users\levent.albayrak\documents\github\levent_development\advanced_programming_examples\summer_2019\class_examples\pointers_1\main.cpp(18): warning C4313: 'printf': '%u' in format string conflicts with argument 2 of type 'char *'
c:\users\levent.albayrak\documents\github\levent_development\advanced_programming_examples\summer_2019\class_examples\pointers_1\main.cpp(19): warning C4477: 'printf' : format string '%u' requires an argument of type 'unsigned int', but variadic argument 2 has type 'char *'
c:\users\levent.albayrak\documents\github\levent_development\advanced_programming_examples\summer_2019\class_examples\pointers_1\main.cpp(19): warning C4313: 'printf': '%u' in format string conflicts with argument 2 of type 'char *'
c:\users\levent.albayrak\documents\github\levent_development\advanced_programming_examples\summer_2019\class_examples\pointers_1\main.cpp(20): warning C4477: 'printf' : format string '%u' requires an argument of type 'unsigned int', but variadic argument 2 has type 'char *'
c:\users\levent.albayrak\documents\github\levent_development\advanced_programming_examples\summer_2019\class_examples\pointers_1\main.cpp(20): warning C4313: 'printf': '%u' in format string conflicts with argument 2 of type 'char *'
c:\users\levent.albayrak\documents\github\levent_development\advanced_programming_examples\summer_2019\class_examples\pointers_1\main.cpp(21): warning C4477: 'printf' : format string '%u' requires an argument of type 'unsigned int', but variadic argument 2 has type 'char *'
c:\users\levent.albayrak\documents\github\levent_development\advanced_programming_examples\summer_2019\class_examples\pointers_1\main.cpp(21): warning C4313: 'printf': '%u' in format string conflicts with argument 2 of type 'char *'
c:\users\levent.albayrak\documents\github\levent_development\advanced_programming_examples\summer_2019\class_examples\pointers_1\main.cpp(22): warning C4477: 'printf' : format string '%u' requires an argument of type 'unsigned int', but variadic argument 2 has type 'short *'
c:\users\levent.albayrak\documents\github\levent_development\advanced_programming_examples\summer_2019\class_examples\pointers_1\main.cpp(22): warning C4313: 'printf': '%u' in format string conflicts with argument 2 of type 'short *'
c:\users\levent.albayrak\documents\github\levent_development\advanced_programming_examples\summer_2019\class_examples\pointers_1\main.cpp(25): warning C4477: 'printf' : format string '%u' requires an argument of type 'unsigned int', but variadic argument 1 has type 'int *'
c:\users\levent.albayrak\documents\github\levent_development\advanced_programming_examples\summer_2019\class_examples\pointers_1\main.cpp(25): warning C4313: 'printf': '%u' in format string conflicts with argument 1 of type 'int *'
c:\users\levent.albayrak\documents\github\levent_development\advanced_programming_examples\summer_2019\class_examples\pointers_1\main.cpp(25): warning C4477: 'printf' : format string '%u' requires an argument of type 'unsigned int', but variadic argument 2 has type 'int **'
c:\users\levent.albayrak\documents\github\levent_development\advanced_programming_examples\summer_2019\class_examples\pointers_1\main.cpp(25): warning C4313: 'printf': '%u' in format string conflicts with argument 2 of type 'int **'
c:\users\levent.albayrak\documents\github\levent_development\advanced_programming_examples\summer_2019\class_examples\pointers_1\main.cpp(28): warning C4477: 'printf' : format string '%u' requires an argument of type 'unsigned int', but variadic argument 1 has type 'char *'
c:\users\levent.albayrak\documents\github\levent_development\advanced_programming_examples\summer_2019\class_examples\pointers_1\main.cpp(28): warning C4313: 'printf': '%u' in format string conflicts with argument 1 of type 'char *'
c:\users\levent.albayrak\documents\github\levent_development\advanced_programming_examples\summer_2019\class_examples\pointers_1\main.cpp(28): warning C4477: 'printf' : format string '%u' requires an argument of type 'unsigned int', but variadic argument 2 has type 'char **'
c:\users\levent.albayrak\documents\github\levent_development\advanced_programming_examples\summer_2019\class_examples\pointers_1\main.cpp(28): warning C4313: 'printf': '%u' in format string conflicts with argument 2 of type 'char **'
  Generating code
  All 4 functions were compiled because no usable IPDB/IOBJ from previous compilation was found.
  Finished generating code
  pointers_1.vcxproj -> C:\Users\levent.albayrak\Documents\GitHub\Levent_Development\Advanced_Programming_Examples\SUMMER_2019\class_examples\x64\Release\pointers_1.exe
