  main.cpp
c:\users\levent.albayrak\documents\github\levent_development\advanced_programming_examples\summer_2019\skeet_shooter\skeet_shooter\main.cpp(93): warning C4838: conversion from 'float' to 'int' requires a narrowing conversion
c:\users\levent.albayrak\documents\github\levent_development\advanced_programming_examples\summer_2019\skeet_shooter\skeet_shooter\main.cpp(93): warning C4244: 'initializing': conversion from 'float' to 'int', possible loss of data
c:\users\levent.albayrak\documents\github\levent_development\advanced_programming_examples\summer_2019\skeet_shooter\skeet_shooter\main.cpp(96): warning C4838: conversion from 'double' to 'int' requires a narrowing conversion
c:\users\levent.albayrak\documents\github\levent_development\advanced_programming_examples\summer_2019\skeet_shooter\skeet_shooter\main.cpp(96): warning C4244: 'initializing': conversion from 'double' to 'int', possible loss of data
c:\users\levent.albayrak\documents\github\levent_development\advanced_programming_examples\summer_2019\skeet_shooter\skeet_shooter\main.cpp(120): warning C4244: 'argument': conversion from 'int' to 'float', possible loss of data
c:\users\levent.albayrak\documents\github\levent_development\advanced_programming_examples\summer_2019\skeet_shooter\skeet_shooter\main.cpp(123): warning C4244: 'initializing': conversion from 'double' to 'float', possible loss of data
c:\users\levent.albayrak\documents\github\levent_development\advanced_programming_examples\summer_2019\skeet_shooter\skeet_shooter\main.cpp(124): warning C4244: 'initializing': conversion from 'int' to 'float', possible loss of data
c:\users\levent.albayrak\documents\github\levent_development\advanced_programming_examples\summer_2019\skeet_shooter\skeet_shooter\main.cpp(125): warning C4244: 'initializing': conversion from 'int' to 'float', possible loss of data
c:\users\levent.albayrak\documents\github\levent_development\advanced_programming_examples\summer_2019\skeet_shooter\skeet_shooter\main.cpp(126): warning C4244: 'initializing': conversion from 'double' to 'float', possible loss of data
c:\users\levent.albayrak\documents\github\levent_development\advanced_programming_examples\summer_2019\skeet_shooter\skeet_shooter\main.cpp(127): warning C4244: 'initializing': conversion from 'double' to 'float', possible loss of data
c:\users\levent.albayrak\documents\github\levent_development\advanced_programming_examples\summer_2019\skeet_shooter\skeet_shooter\main.cpp(133): warning C4244: 'initializing': conversion from 'double' to 'float', possible loss of data
c:\users\levent.albayrak\documents\github\levent_development\advanced_programming_examples\summer_2019\skeet_shooter\skeet_shooter\main.cpp(144): warning C4244: '=': conversion from 'double' to 'float', possible loss of data
c:\users\levent.albayrak\documents\github\levent_development\advanced_programming_examples\summer_2019\skeet_shooter\skeet_shooter\main.cpp(145): warning C4244: '=': conversion from 'double' to 'float', possible loss of data
c:\users\levent.albayrak\documents\github\levent_development\advanced_programming_examples\summer_2019\skeet_shooter\skeet_shooter\main.cpp(146): warning C4244: '=': conversion from 'double' to 'float', possible loss of data
c:\users\levent.albayrak\documents\github\levent_development\advanced_programming_examples\summer_2019\skeet_shooter\skeet_shooter\main.cpp(147): warning C4244: '=': conversion from 'double' to 'float', possible loss of data
c:\users\levent.albayrak\documents\github\levent_development\advanced_programming_examples\summer_2019\skeet_shooter\skeet_shooter\main.cpp(169): warning C4244: 'argument': conversion from 'time_t' to 'unsigned int', possible loss of data
c:\users\levent.albayrak\documents\github\levent_development\advanced_programming_examples\summer_2019\skeet_shooter\skeet_shooter\main.cpp(173): warning C4244: 'argument': conversion from 'double' to 'float', possible loss of data
c:\users\levent.albayrak\documents\github\levent_development\advanced_programming_examples\summer_2019\skeet_shooter\skeet_shooter\main.cpp(173): warning C4244: 'argument': conversion from 'int' to 'float', possible loss of data
c:\users\levent.albayrak\documents\github\levent_development\advanced_programming_examples\summer_2019\skeet_shooter\skeet_shooter\main.cpp(210): warning C4305: 'initializing': truncation from 'double' to 'float'
c:\users\levent.albayrak\documents\github\levent_development\advanced_programming_examples\summer_2019\skeet_shooter\skeet_shooter\main.cpp(220): warning C4305: 'initializing': truncation from 'double' to 'float'
  skeet_shooter.vcxproj -> C:\Users\levent.albayrak\Documents\GitHub\Levent_Development\Advanced_Programming_Examples\SUMMER_2019\skeet_shooter\Debug\skeet_shooter.exe
