  main.cpp
c:\users\levent.albayrak\documents\github\levent_development\2d_programming_class\main.cpp(65): warning C4244: '=': conversion from 'int' to 'float', possible loss of data
c:\users\levent.albayrak\documents\github\levent_development\2d_programming_class\main.cpp(73): warning C4244: '=': conversion from 'float' to 'unsigned char', possible loss of data
c:\users\levent.albayrak\documents\github\levent_development\2d_programming_class\main.cpp(74): warning C4244: '=': conversion from 'float' to 'unsigned char', possible loss of data
c:\users\levent.albayrak\documents\github\levent_development\2d_programming_class\main.cpp(75): warning C4244: '=': conversion from 'float' to 'unsigned char', possible loss of data
c:\users\levent.albayrak\documents\github\levent_development\2d_programming_class\main.cpp(101): warning C4244: 'initializing': conversion from 'float' to 'int', possible loss of data
c:\users\levent.albayrak\documents\github\levent_development\2d_programming_class\main.cpp(103): warning C4244: 'initializing': conversion from 'float' to 'int', possible loss of data
c:\users\levent.albayrak\documents\github\levent_development\2d_programming_class\main.cpp(113): warning C4244: 'initializing': conversion from 'float' to 'int', possible loss of data
c:\users\levent.albayrak\documents\github\levent_development\2d_programming_class\main.cpp(116): warning C4244: 'initializing': conversion from 'float' to 'int', possible loss of data
c:\users\levent.albayrak\documents\github\levent_development\2d_programming_class\main.cpp(214): warning C4244: '=': conversion from 'int' to 'float', possible loss of data
c:\users\levent.albayrak\documents\github\levent_development\2d_programming_class\main.cpp(218): warning C4244: '=': conversion from 'int' to 'float', possible loss of data
c:\users\levent.albayrak\documents\github\levent_development\2d_programming_class\main.cpp(222): warning C4244: '=': conversion from 'int' to 'float', possible loss of data
c:\users\levent.albayrak\documents\github\levent_development\2d_programming_class\main.cpp(226): warning C4244: '=': conversion from 'int' to 'float', possible loss of data
c:\users\levent.albayrak\documents\github\levent_development\2d_programming_class\main.cpp(231): warning C4244: 'argument': conversion from 'float' to 'int', possible loss of data
c:\users\levent.albayrak\documents\github\levent_development\2d_programming_class\main.cpp(234): warning C4244: 'argument': conversion from 'float' to 'int', possible loss of data
c:\users\levent.albayrak\documents\github\levent_development\2d_programming_class\main.cpp(237): warning C4244: 'argument': conversion from 'float' to 'int', possible loss of data
  Generating code
  3 of 3 functions (100.0%) were compiled.
    2 functions were new in current compilation
    0 functions had inline decision re-evaluated but remain unchanged
  Finished generating code
  SDL_intro.vcxproj -> C:\Users\levent.albayrak\Documents\GitHub\Levent_Development\2D_programming_class\Release\SDL_intro.exe
