  main_my_game.cpp
c:\users\levent.albayrak\documents\github\levent_development\tiny2d\include\Table_File_core.h(37): warning C4244: 'initializing': conversion from '__int64' to 'unsigned int', possible loss of data
c:\users\levent.albayrak\documents\github\levent_development\tiny2d\include\Table_File_core.h(40): warning C4244: 'argument': conversion from '__int64' to '::size_t', possible loss of data
c:\users\levent.albayrak\documents\github\levent_development\tiny2d\include\Table_File_core.h(70): warning C4244: '=': conversion from '__int64' to 'unsigned int', possible loss of data
c:\users\levent.albayrak\documents\github\levent_development\tiny2d\include\Table_File_core.h(102): warning C4244: 'initializing': conversion from '__int64' to 'unsigned int', possible loss of data
c:\users\levent.albayrak\documents\github\levent_development\tiny2d\include\Table_File_core.h(116): warning C4244: '=': conversion from '__int64' to 'unsigned int', possible loss of data
c:\users\levent.albayrak\documents\github\levent_development\tiny2d\include\Grid_core.h(40): warning C4244: '=': conversion from 'float' to 'int', possible loss of data
c:\users\levent.albayrak\documents\github\levent_development\tiny2d\include\Grid_core.h(41): warning C4244: '=': conversion from 'float' to 'int', possible loss of data
c:\users\levent.albayrak\documents\github\levent_development\tiny2d\include\Grid_core.h(46): warning C4244: '=': conversion from 'const float' to 'int', possible loss of data
c:\users\levent.albayrak\documents\github\levent_development\tiny2d\include\Grid_core.h(47): warning C4244: '=': conversion from 'const float' to 'int', possible loss of data
c:\users\levent.albayrak\documents\github\levent_development\tiny2d\include\Grid_core.h(48): warning C4244: '=': conversion from 'float' to 'int', possible loss of data
c:\users\levent.albayrak\documents\github\levent_development\tiny2d\include\Grid_core.h(49): warning C4244: '=': conversion from 'float' to 'int', possible loss of data
c:\users\levent.albayrak\documents\github\levent_development\tiny2d\include\Grid_core.h(77): warning C4244: 'initializing': conversion from 'const float' to 'int', possible loss of data
c:\users\levent.albayrak\documents\github\levent_development\tiny2d\include\Grid_core.h(78): warning C4244: 'initializing': conversion from 'const float' to 'int', possible loss of data
c:\users\levent.albayrak\documents\github\levent_development\tiny2d\include\Grid_core.h(79): warning C4244: 'initializing': conversion from 'float' to 'int', possible loss of data
c:\users\levent.albayrak\documents\github\levent_development\tiny2d\include\Grid_core.h(80): warning C4244: 'initializing': conversion from 'float' to 'int', possible loss of data
c:\users\levent.albayrak\documents\github\levent_development\tiny2d\include\Grid_core.h(94): warning C4244: 'initializing': conversion from 'const float' to 'int', possible loss of data
c:\users\levent.albayrak\documents\github\levent_development\tiny2d\include\Grid_core.h(95): warning C4244: 'initializing': conversion from 'const float' to 'int', possible loss of data
c:\users\levent.albayrak\documents\github\levent_development\tiny2d\include\Grid_core.h(96): warning C4244: 'initializing': conversion from 'float' to 'int', possible loss of data
c:\users\levent.albayrak\documents\github\levent_development\tiny2d\include\Grid_core.h(97): warning C4244: 'initializing': conversion from 'float' to 'int', possible loss of data
c:\users\levent.albayrak\documents\github\levent_development\tiny2d\include\Grid_core.h(116): warning C4018: '<': signed/unsigned mismatch
c:\users\levent.albayrak\documents\github\levent_development\tiny2d\include\Grid_core.h(125): warning C4018: '<': signed/unsigned mismatch
c:\users\levent.albayrak\documents\github\levent_development\tiny2d\include\Grid_core.h(127): warning C4018: '<': signed/unsigned mismatch
c:\users\levent.albayrak\documents\github\levent_development\tiny2d\include\Grid_Camera_core.h(48): warning C4244: 'initializing': conversion from 'float' to 'int', possible loss of data
c:\users\levent.albayrak\documents\github\levent_development\tiny2d\include\Grid_Camera_core.h(49): warning C4244: 'initializing': conversion from 'float' to 'int', possible loss of data
c:\users\levent.albayrak\documents\github\levent_development\tiny2d\include\Grid_Camera_core.h(51): warning C4244: '=': conversion from 'float' to 'int', possible loss of data
c:\users\levent.albayrak\documents\github\levent_development\tiny2d\include\Grid_Camera_core.h(52): warning C4244: '=': conversion from 'float' to 'int', possible loss of data
c:\users\levent.albayrak\documents\github\levent_development\tiny2d\include\Grid_Camera_core.h(53): warning C4244: '=': conversion from 'float' to 'int', possible loss of data
c:\users\levent.albayrak\documents\github\levent_development\tiny2d\include\Grid_Camera_core.h(54): warning C4244: '=': conversion from 'float' to 'int', possible loss of data
c:\users\levent.albayrak\documents\github\levent_development\tiny2d\include\Shape_core.h(55): warning C4244: 'initializing': conversion from 'double' to 'float', possible loss of data
c:\users\levent.albayrak\documents\github\levent_development\tiny2d\include\Shape_core.h(56): warning C4244: 'initializing': conversion from 'double' to 'float', possible loss of data
c:\users\levent.albayrak\documents\github\levent_development\tiny2d\include\Shape_core.h(57): warning C4244: 'initializing': conversion from 'double' to 'float', possible loss of data
c:\users\levent.albayrak\documents\github\levent_development\tiny2d\include\Shape_core.h(58): warning C4244: 'initializing': conversion from 'double' to 'float', possible loss of data
c:\users\levent.albayrak\documents\github\levent_development\tiny2d\include\Tileset_core.h(69): warning C4244: 'initializing': conversion from 'const float' to 'int', possible loss of data
c:\users\levent.albayrak\documents\github\levent_development\tiny2d\include\Tileset_core.h(70): warning C4244: 'initializing': conversion from 'const float' to 'int', possible loss of data
c:\users\levent.albayrak\documents\github\levent_development\tiny2d\include\Tileset_core.h(71): warning C4244: 'initializing': conversion from 'float' to 'int', possible loss of data
c:\users\levent.albayrak\documents\github\levent_development\tiny2d\include\Tileset_core.h(72): warning C4244: 'initializing': conversion from 'float' to 'int', possible loss of data
c:\users\levent.albayrak\documents\github\levent_development\tiny2d\include\Font_core.h(89): warning C4244: 'argument': conversion from 'float' to 'int', possible loss of data
c:\users\levent.albayrak\documents\github\levent_development\tiny2d\include\Collision_core.h(21): warning C4244: '=': conversion from 'double' to 'float', possible loss of data
c:\users\levent.albayrak\documents\github\levent_development\tiny2d\include\Collision_core.h(22): warning C4244: '=': conversion from 'double' to 'float', possible loss of data
c:\users\levent.albayrak\documents\github\levent_development\tiny2d\include\Sprite_core.h(59): warning C4018: '>=': signed/unsigned mismatch
c:\users\levent.albayrak\documents\github\levent_development\tiny2d\include\Sprite_core.h(94): warning C4473: 'fscanf' : not enough arguments passed for format string
  c:\users\levent.albayrak\documents\github\levent_development\tiny2d\include\Sprite_core.h(94): note: placeholders and their parameters expect 7 variadic arguments, but 6 were provided
  c:\users\levent.albayrak\documents\github\levent_development\tiny2d\include\Sprite_core.h(94): note: the missing variadic argument 7 is required by format string '%f'
c:\users\levent.albayrak\documents\github\levent_development\tiny2d\include\Body_core.h(88): warning C4244: '*=': conversion from 'double' to 'float', possible loss of data
c:\users\levent.albayrak\documents\github\levent_development\tiny2d\include\Body_core.h(89): warning C4244: '*=': conversion from 'double' to 'float', possible loss of data
c:\users\levent.albayrak\documents\github\levent_development\tiny2d\include/Light_core.h(81): warning C4838: conversion from 'int' to 'float' requires a narrowing conversion
c:\users\levent.albayrak\documents\github\levent_development\tiny2d\include/Light_core.h(81): warning C4244: 'initializing': conversion from 'int' to 'float', possible loss of data
c:\users\levent.albayrak\documents\github\levent_development\tiny2d\include/Actor_core.h(247): warning C4244: 'argument': conversion from 'float' to 'int', possible loss of data
c:\users\levent.albayrak\documents\github\levent_development\tiny2d\include/Particle_core.h(72): warning C4244: '=': conversion from 'double' to 'int', possible loss of data
c:\users\levent.albayrak\documents\github\levent_development\tiny2d\include/Particle_core.h(82): warning C4244: '=': conversion from 'double' to 'float', possible loss of data
c:\users\levent.albayrak\documents\github\levent_development\tiny2d\include/Particle_core.h(83): warning C4244: '=': conversion from 'double' to 'float', possible loss of data
c:\users\levent.albayrak\documents\github\levent_development\tiny2d\include/Particle_core.h(100): warning C4018: '>=': signed/unsigned mismatch
c:\users\levent.albayrak\documents\github\levent_development\tiny2d\include/Particle_core.h(152): warning C4244: 'initializing': conversion from 'double' to 'float', possible loss of data
c:\users\levent.albayrak\documents\github\levent_development\tiny2d\include/Particle_core.h(161): warning C4244: 'argument': conversion from 'float' to 'unsigned char', possible loss of data
c:\users\levent.albayrak\documents\github\levent_development\tiny2d\include/Particle_core.h(161): warning C4244: 'argument': conversion from 'float' to 'int', possible loss of data
c:\users\levent.albayrak\documents\github\levent_development\tiny2d\My_Game.h(33): warning C4244: 'initializing': conversion from 'int' to 'float', possible loss of data
c:\users\levent.albayrak\documents\github\levent_development\tiny2d\My_Game.h(34): warning C4244: '+=': conversion from 'double' to 'float', possible loss of data
c:\users\levent.albayrak\documents\github\levent_development\tiny2d\My_Game.h(36): warning C4244: '+=': conversion from 'double' to 'float', possible loss of data
c:\users\levent.albayrak\documents\github\levent_development\tiny2d\My_Game.h(67): warning C4056: overflow in floating-point constant arithmetic
c:\users\levent.albayrak\documents\github\levent_development\tiny2d\My_Game.h(68): warning C4056: overflow in floating-point constant arithmetic
c:\users\levent.albayrak\documents\github\levent_development\tiny2d\My_Game.h(69): warning C4056: overflow in floating-point constant arithmetic
c:\users\levent.albayrak\documents\github\levent_development\tiny2d\My_Game.h(70): warning C4056: overflow in floating-point constant arithmetic
c:\users\levent.albayrak\documents\github\levent_development\tiny2d\My_Game.h(179): warning C4244: '=': conversion from 'int' to 'float', possible loss of data
c:\users\levent.albayrak\documents\github\levent_development\tiny2d\My_Game.h(180): warning C4244: '=': conversion from 'int' to 'float', possible loss of data
c:\users\levent.albayrak\documents\github\levent_development\tiny2d\My_Game.h(197): warning C4018: '>=': signed/unsigned mismatch
c:\users\levent.albayrak\documents\github\levent_development\tiny2d\My_Game.h(207): warning C4838: conversion from 'int' to 'float' requires a narrowing conversion
c:\users\levent.albayrak\documents\github\levent_development\tiny2d\My_Game.h(207): warning C4244: 'initializing': conversion from 'int' to 'float', possible loss of data
c:\users\levent.albayrak\documents\github\levent_development\tiny2d\My_Game.h(214): warning C4244: '=': conversion from 'float' to 'int', possible loss of data
c:\users\levent.albayrak\documents\github\levent_development\tiny2d\My_Game.h(215): warning C4244: '=': conversion from 'float' to 'int', possible loss of data
c:\users\levent.albayrak\documents\github\levent_development\tiny2d\My_Game.h(245): warning C4244: 'initializing': conversion from 'float' to 'int', possible loss of data
c:\users\levent.albayrak\documents\github\levent_development\tiny2d\My_Game.h(246): warning C4244: 'initializing': conversion from 'float' to 'int', possible loss of data
main_my_game.cpp(23): warning C4244: 'initializing': conversion from 'double' to 'float', possible loss of data
main_my_game.cpp(33): warning C4244: 'initializing': conversion from 'double' to 'float', possible loss of data
  Generating code
  1 of 50 functions ( 2.0%) were compiled, the rest were copied from previous compilation.
    0 functions were new in current compilation
    2 functions had inline decision re-evaluated but remain unchanged
  Finished generating code
  SDL_grader.vcxproj -> C:\Users\levent.albayrak\Documents\GitHub\Levent_Development\tiny2D\Release\SDL_grader.exe
