  main.cpp
c:\users\levent.albayrak\documents\github\levent_development\advanced_programming_examples\summer_2019\class_examples\pointers_2\main.cpp(13): warning C4477: 'printf' : format string '%u' requires an argument of type 'unsigned int', but variadic argument 1 has type 'int *'
c:\users\levent.albayrak\documents\github\levent_development\advanced_programming_examples\summer_2019\class_examples\pointers_2\main.cpp(13): warning C4477: 'printf' : format string '%u' requires an argument of type 'unsigned int', but variadic argument 2 has type 'int *'
c:\users\levent.albayrak\documents\github\levent_development\advanced_programming_examples\summer_2019\class_examples\pointers_2\main.cpp(13): warning C4477: 'printf' : format string '%u' requires an argument of type 'unsigned int', but variadic argument 3 has type 'int **'
c:\users\levent.albayrak\documents\github\levent_development\advanced_programming_examples\summer_2019\class_examples\pointers_2\main.cpp(17): warning C4477: 'printf' : format string '%u' requires an argument of type 'unsigned int', but variadic argument 1 has type 'int *'
c:\users\levent.albayrak\documents\github\levent_development\advanced_programming_examples\summer_2019\class_examples\pointers_2\main.cpp(17): warning C4477: 'printf' : format string '%u' requires an argument of type 'unsigned int', but variadic argument 2 has type 'int *'
c:\users\levent.albayrak\documents\github\levent_development\advanced_programming_examples\summer_2019\class_examples\pointers_2\main.cpp(17): warning C4477: 'printf' : format string '%u' requires an argument of type 'unsigned int', but variadic argument 3 has type 'int **'
c:\users\levent.albayrak\documents\github\levent_development\advanced_programming_examples\summer_2019\class_examples\pointers_2\main.cpp(20): warning C4477: 'printf' : format string '%u' requires an argument of type 'unsigned int', but variadic argument 1 has type 'int *'
c:\users\levent.albayrak\documents\github\levent_development\advanced_programming_examples\summer_2019\class_examples\pointers_2\main.cpp(20): warning C4477: 'printf' : format string '%u' requires an argument of type 'unsigned int', but variadic argument 2 has type 'int *'
c:\users\levent.albayrak\documents\github\levent_development\advanced_programming_examples\summer_2019\class_examples\pointers_2\main.cpp(20): warning C4477: 'printf' : format string '%u' requires an argument of type 'unsigned int', but variadic argument 3 has type 'int (*)[4]'
c:\users\levent.albayrak\documents\github\levent_development\advanced_programming_examples\summer_2019\class_examples\pointers_2\main.cpp(23): warning C4477: 'printf' : format string '%u' requires an argument of type 'unsigned int', but variadic argument 1 has type 'int *'
c:\users\levent.albayrak\documents\github\levent_development\advanced_programming_examples\summer_2019\class_examples\pointers_2\main.cpp(23): warning C4477: 'printf' : format string '%u' requires an argument of type 'unsigned int', but variadic argument 2 has type 'int *'
c:\users\levent.albayrak\documents\github\levent_development\advanced_programming_examples\summer_2019\class_examples\pointers_2\main.cpp(23): warning C4477: 'printf' : format string '%u' requires an argument of type 'unsigned int', but variadic argument 3 has type 'int (*)[4]'
c:\users\levent.albayrak\documents\github\levent_development\advanced_programming_examples\summer_2019\class_examples\pointers_2\main.cpp(26): warning C4477: 'printf' : format string '%u' requires an argument of type 'unsigned int', but variadic argument 1 has type 'int *'
c:\users\levent.albayrak\documents\github\levent_development\advanced_programming_examples\summer_2019\class_examples\pointers_2\main.cpp(26): warning C4477: 'printf' : format string '%u' requires an argument of type 'unsigned int', but variadic argument 2 has type 'int *'
c:\users\levent.albayrak\documents\github\levent_development\advanced_programming_examples\summer_2019\class_examples\pointers_2\main.cpp(26): warning C4477: 'printf' : format string '%u' requires an argument of type 'unsigned int', but variadic argument 3 has type 'int (*)[4]'
  Generating code
  1 of 4 functions (25.0%) were compiled, the rest were copied from previous compilation.
    0 functions were new in current compilation
    0 functions had inline decision re-evaluated but remain unchanged
  Finished generating code
  pointers_2.vcxproj -> C:\Users\levent.albayrak\Documents\GitHub\Levent_Development\Advanced_Programming_Examples\SUMMER_2019\class_examples\Release\pointers_2.exe
